#
# There is insufficient memory for the Java Runtime Environment to continue.
# Native memory allocation (malloc) failed to allocate 32744 bytes for ChunkPool::allocate
# Possible reasons:
#   The system is out of physical RAM or swap space
#   In 32 bit mode, the process size limit was hit
# Possible solutions:
#   Reduce memory load on the system
#   Increase physical memory or swap space
#   Check if swap backing store is full
#   Use 64 bit Java on a 64 bit OS
#   Decrease Java heap size (-Xmx/-Xms)
#   Decrease number of Java threads
#   Decrease Java thread stack sizes (-Xss)
#   Set larger code cache with -XX:ReservedCodeCacheSize=
# This output file may be truncated or incomplete.
#
#  Out of Memory Error (allocation.cpp:273), pid=17484, tid=18104
#
# JRE version: Java(TM) SE Runtime Environment (8.0_51-b16) (build 1.8.0_51-b16)
# Java VM: Java HotSpot(TM) 64-Bit Server VM (25.51-b03 mixed mode windows-amd64 compressed oops)
# Failed to write core dump. Minidumps are not enabled by default on client versions of Windows
#

---------------  T H R E A D  ---------------

Current thread (0x0000000014394800):  JavaThread "C2 CompilerThread0" daemon [_thread_in_native, id=18104, stack(0x00000000158e0000,0x00000000159e0000)]

Stack: [0x00000000158e0000,0x00000000159e0000]
Native frames: (J=compiled Java code, j=interpreted, Vv=VM code, C=native code)
V  [jvm.dll+0x32b4ca]
V  [jvm.dll+0x2797e3]
V  [jvm.dll+0x27a479]
V  [jvm.dll+0x271765]
V  [jvm.dll+0xcb824]
V  [jvm.dll+0xcba47]
V  [jvm.dll+0xcbecc]
V  [jvm.dll+0xcc224]
V  [jvm.dll+0x52d4e5]
V  [jvm.dll+0x52d753]
V  [jvm.dll+0x522df4]
V  [jvm.dll+0x4df191]
V  [jvm.dll+0x48bb31]
V  [jvm.dll+0x4fd96a]
V  [jvm.dll+0x4fe3de]
V  [jvm.dll+0x4fb54d]
V  [jvm.dll+0x4f5f37]
V  [jvm.dll+0x4f62b9]
V  [jvm.dll+0x4f684f]
V  [jvm.dll+0x4510a0]
V  [jvm.dll+0x475db1]
V  [jvm.dll+0x4fd325]
V  [jvm.dll+0x4f5f37]
V  [jvm.dll+0x4f62b9]
V  [jvm.dll+0x4f684f]
V  [jvm.dll+0x4510a0]
V  [jvm.dll+0x475db1]
V  [jvm.dll+0x4fd325]
V  [jvm.dll+0x4f5f37]
V  [jvm.dll+0x4f62b9]
V  [jvm.dll+0x4f684f]
V  [jvm.dll+0x4510a0]
V  [jvm.dll+0x46cb55]
V  [jvm.dll+0x4501a2]
V  [jvm.dll+0xa43a2]
V  [jvm.dll+0xa4cdf]
V  [jvm.dll+0x2418a4]
V  [jvm.dll+0x29846a]
C  [msvcr100.dll+0x21d9f]
C  [msvcr100.dll+0x21e3b]
C  [KERNEL32.DLL+0x12d92]
C  [ntdll.dll+0x9f64]


Current CompileTask:
C2:   4805  892   !   4       java.io.ObjectInputStream::readObject (124 bytes)


---------------  P R O C E S S  ---------------

Java Threads: ( => current thread )
  0x0000000015aef800 JavaThread "Service Thread" daemon [_thread_blocked, id=14960, stack(0x0000000015fe0000,0x00000000160e0000)]
  0x0000000015ae8800 JavaThread "C1 CompilerThread2" daemon [_thread_blocked, id=18368, stack(0x0000000015ee0000,0x0000000015fe0000)]
  0x000000001439a800 JavaThread "C2 CompilerThread1" daemon [_thread_in_native, id=18256, stack(0x00000000159e0000,0x0000000015ae0000)]
=>0x0000000014394800 JavaThread "C2 CompilerThread0" daemon [_thread_in_native, id=18104, stack(0x00000000158e0000,0x00000000159e0000)]
  0x0000000014393000 JavaThread "Attach Listener" daemon [_thread_blocked, id=12960, stack(0x00000000157e0000,0x00000000158e0000)]
  0x0000000014392000 JavaThread "Signal Dispatcher" daemon [_thread_blocked, id=8384, stack(0x00000000156e0000,0x00000000157e0000)]
  0x0000000014359800 JavaThread "Finalizer" daemon [_thread_blocked, id=18084, stack(0x00000000155e0000,0x00000000156e0000)]
  0x0000000014358800 JavaThread "Reference Handler" daemon [_thread_blocked, id=4328, stack(0x00000000154e0000,0x00000000155e0000)]
  0x0000000002e7a000 JavaThread "main" [_thread_in_Java, id=12356, stack(0x0000000002d70000,0x0000000002e70000)]

Other Threads:
  0x0000000014356800 VMThread [stack: 0x00000000153e0000,0x00000000154e0000] [id=860]
  0x0000000015b35000 WatcherThread [stack: 0x00000000160e0000,0x00000000161e0000] [id=5824]

VM state:not at safepoint (normal execution)

VM Mutex/Monitor currently owned by a thread: None

Heap:
 PSYoungGen      total 35328K, used 25640K [0x00000000f5580000, 0x00000000f7a80000, 0x0000000100000000)
  eden space 32768K, 71% used [0x00000000f5580000,0x00000000f6c68168,0x00000000f7580000)
  from space 2560K, 85% used [0x00000000f7800000,0x00000000f7a22108,0x00000000f7a80000)
  to   space 2560K, 0% used [0x00000000f7580000,0x00000000f7580000,0x00000000f7800000)
 ParOldGen       total 44032K, used 17250K [0x00000000e0000000, 0x00000000e2b00000, 0x00000000f5580000)
  object space 44032K, 39% used [0x00000000e0000000,0x00000000e10d8b30,0x00000000e2b00000)
 Metaspace       used 6606K, capacity 6824K, committed 7040K, reserved 1056768K
  class space    used 758K, capacity 820K, committed 896K, reserved 1048576K

Card table byte_map: [0x0000000012330000,0x0000000012440000] byte_map_base: 0x0000000011c30000

Marking Bits: (ParMarkBitMap*) 0x0000000050a54040
 Begin Bits: [0x00000000128f0000, 0x00000000130f0000)
 End Bits:   [0x00000000130f0000, 0x00000000138f0000)

Polling page: 0x00000000013f0000

CodeCache: size=245760Kb used=3411Kb max_used=3419Kb free=242348Kb
 bounds [0x0000000002f70000, 0x00000000032d0000, 0x0000000011f70000]
 total_blobs=1179 nmethods=888 adapters=204
 compilation: enabled

Compilation events (10 events):
Event: 4.659 Thread 0x0000000014394800 nmethod 857 0x00000000032c4590 code [0x00000000032c4840, 0x00000000032c5550]
Event: 4.659 Thread 0x0000000014394800  851   !   4       java.io.ObjectStreamClass::newInstance (37 bytes)
Event: 4.664 Thread 0x0000000014394800 nmethod 851 0x00000000032c1950 code [0x00000000032c1ac0, 0x00000000032c1d48]
Event: 4.664 Thread 0x0000000014394800  858   !   4       java.io.ObjectInputStream::readOrdinaryObject (277 bytes)
Event: 4.696 Thread 0x0000000014394800 nmethod 858 0x00000000032cbb50 code [0x00000000032cbda0, 0x00000000032ccc40]
Event: 4.696 Thread 0x0000000014394800  853       4       java.io.ObjectInputStream::readHandle (130 bytes)
Event: 4.704 Thread 0x0000000014394800 nmethod 853 0x00000000032c3790 code [0x00000000032c3920, 0x00000000032c3e98]
Event: 4.704 Thread 0x0000000014394800  889       4       java.io.ObjectInputStream$BlockDataInputStream::currentBlockRemaining (41 bytes)
Event: 4.732 Thread 0x0000000014394800 nmethod 889 0x000000000329e650 code [0x000000000329e780, 0x000000000329e818]
Event: 4.732 Thread 0x0000000014394800  892   !   4       java.io.ObjectInputStream::readObject (124 bytes)

GC Heap History (4 events):
Event: 3.096 GC heap before
{Heap before GC invocations=1 (full 0):
 PSYoungGen      total 18944K, used 16384K [0x00000000f5580000, 0x00000000f6a80000, 0x0000000100000000)
  eden space 16384K, 100% used [0x00000000f5580000,0x00000000f6580000,0x00000000f6580000)
  from space 2560K, 0% used [0x00000000f6800000,0x00000000f6800000,0x00000000f6a80000)
  to   space 2560K, 0% used [0x00000000f6580000,0x00000000f6580000,0x00000000f6800000)
 ParOldGen       total 44032K, used 0K [0x00000000e0000000, 0x00000000e2b00000, 0x00000000f5580000)
  object space 44032K, 0% used [0x00000000e0000000,0x00000000e0000000,0x00000000e2b00000)
 Metaspace       used 5042K, capacity 5148K, committed 5248K, reserved 1056768K
  class space    used 574K, capacity 626K, committed 640K, reserved 1048576K
Event: 3.136 GC heap after
Heap after GC invocations=1 (full 0):
 PSYoungGen      total 18944K, used 2175K [0x00000000f5580000, 0x00000000f7a80000, 0x0000000100000000)
  eden space 16384K, 0% used [0x00000000f5580000,0x00000000f5580000,0x00000000f6580000)
  from space 2560K, 84% used [0x00000000f6580000,0x00000000f679fe30,0x00000000f6800000)
  to   space 2560K, 0% used [0x00000000f7800000,0x00000000f7800000,0x00000000f7a80000)
 ParOldGen       total 44032K, used 0K [0x00000000e0000000, 0x00000000e2b00000, 0x00000000f5580000)
  object space 44032K, 0% used [0x00000000e0000000,0x00000000e0000000,0x00000000e2b00000)
 Metaspace       used 5042K, capacity 5148K, committed 5248K, reserved 1056768K
  class space    used 574K, capacity 626K, committed 640K, reserved 1048576K
}
Event: 3.791 GC heap before
{Heap before GC invocations=2 (full 0):
 PSYoungGen      total 18944K, used 18559K [0x00000000f5580000, 0x00000000f7a80000, 0x0000000100000000)
  eden space 16384K, 100% used [0x00000000f5580000,0x00000000f6580000,0x00000000f6580000)
  from space 2560K, 84% used [0x00000000f6580000,0x00000000f679fe30,0x00000000f6800000)
  to   space 2560K, 0% used [0x00000000f7800000,0x00000000f7800000,0x00000000f7a80000)
 ParOldGen       total 44032K, used 0K [0x00000000e0000000, 0x00000000e2b00000, 0x00000000f5580000)
  object space 44032K, 0% used [0x00000000e0000000,0x00000000e0000000,0x00000000e2b00000)
 Metaspace       used 5855K, capacity 5970K, committed 6144K, reserved 1056768K
  class space    used 670K, capacity 699K, committed 768K, reserved 1048576K
Event: 3.894 GC heap after
Heap after GC invocations=2 (full 0):
 PSYoungGen      total 35328K, used 2184K [0x00000000f5580000, 0x00000000f7a80000, 0x0000000100000000)
  eden space 32768K, 0% used [0x00000000f5580000,0x00000000f5580000,0x00000000f7580000)
  from space 2560K, 85% used [0x00000000f7800000,0x00000000f7a22108,0x00000000f7a80000)
  to   space 2560K, 0% used [0x00000000f7580000,0x00000000f7580000,0x00000000f7800000)
 ParOldGen       total 44032K, used 17250K [0x00000000e0000000, 0x00000000e2b00000, 0x00000000f5580000)
  object space 44032K, 39% used [0x00000000e0000000,0x00000000e10d8b30,0x00000000e2b00000)
 Metaspace       used 5855K, capacity 5970K, committed 6144K, reserved 1056768K
  class space    used 670K, capacity 699K, committed 768K, reserved 1048576K
}

Deoptimization events (10 events):
Event: 3.599 Thread 0x0000000002e7a000 Uncommon trap: reason=class_check action=maybe_recompile pc=0x00000000031d41b8 method=java.io.ObjectInputStream$PeekInputStream.read([BII)I @ 20
Event: 3.599 Thread 0x0000000002e7a000 Uncommon trap: reason=class_check action=maybe_recompile pc=0x00000000031d48ac method=java.io.ObjectInputStream$PeekInputStream.read([BII)I @ 20
Event: 3.599 Thread 0x0000000002e7a000 Uncommon trap: reason=class_check action=maybe_recompile pc=0x00000000031d9e6c method=java.io.ObjectInputStream$PeekInputStream.peek()I @ 19
Event: 3.616 Thread 0x0000000002e7a000 Uncommon trap: reason=class_check action=maybe_recompile pc=0x00000000031d9e6c method=java.io.ObjectInputStream$PeekInputStream.peek()I @ 19
Event: 3.617 Thread 0x0000000002e7a000 Uncommon trap: reason=class_check action=maybe_recompile pc=0x00000000031d9e6c method=java.io.ObjectInputStream$PeekInputStream.peek()I @ 19
Event: 4.038 Thread 0x0000000002e7a000 Uncommon trap: reason=class_check action=maybe_recompile pc=0x00000000031d9e6c method=java.io.ObjectInputStream$PeekInputStream.peek()I @ 19
Event: 4.038 Thread 0x0000000002e7a000 Uncommon trap: reason=class_check action=maybe_recompile pc=0x00000000031d6c88 method=java.io.ObjectInputStream$PeekInputStream.peek()I @ 19
Event: 4.045 Thread 0x0000000002e7a000 Uncommon trap: reason=class_check action=maybe_recompile pc=0x0000000003213358 method=java.io.ObjectInputStream$PeekInputStream.read([BII)I @ 50
Event: 4.087 Thread 0x0000000002e7a000 Uncommon trap: reason=class_check action=maybe_recompile pc=0x0000000003213358 method=java.io.ObjectInputStream$PeekInputStream.read([BII)I @ 50
Event: 4.087 Thread 0x0000000002e7a000 Uncommon trap: reason=class_check action=maybe_recompile pc=0x00000000031d953c method=java.io.ObjectInputStream$PeekInputStream.read([BII)I @ 50

Internal exceptions (10 events):
Event: 4.602 Thread 0x0000000002e7a000 Exception <a 'java/lang/NoSuchMethodError': <clinit>> (0x00000000f65e8ea8) thrown at [C:\re\workspace\8-2-build-windows-amd64-cygwin\jdk8u51\3951\hotspot\src\share\vm\prims\jni.cpp, line 1598]
Event: 4.606 Thread 0x0000000002e7a000 Exception <a 'java/lang/NoSuchMethodError': <clinit>> (0x00000000f65ff060) thrown at [C:\re\workspace\8-2-build-windows-amd64-cygwin\jdk8u51\3951\hotspot\src\share\vm\prims\jni.cpp, line 1598]
Event: 4.612 Thread 0x0000000002e7a000 Exception <a 'java/lang/NoSuchMethodError': <clinit>> (0x00000000f6655e18) thrown at [C:\re\workspace\8-2-build-windows-amd64-cygwin\jdk8u51\3951\hotspot\src\share\vm\prims\jni.cpp, line 1598]
Event: 4.616 Thread 0x0000000002e7a000 Exception <a 'java/lang/NoSuchMethodError': <clinit>> (0x00000000f66692c0) thrown at [C:\re\workspace\8-2-build-windows-amd64-cygwin\jdk8u51\3951\hotspot\src\share\vm\prims\jni.cpp, line 1598]
Event: 4.620 Thread 0x0000000002e7a000 Exception <a 'java/lang/NoSuchMethodError': <clinit>> (0x00000000f668fca8) thrown at [C:\re\workspace\8-2-build-windows-amd64-cygwin\jdk8u51\3951\hotspot\src\share\vm\prims\jni.cpp, line 1598]
Event: 4.623 Thread 0x0000000002e7a000 Exception <a 'java/lang/NoSuchMethodError': <clinit>> (0x00000000f66aef48) thrown at [C:\re\workspace\8-2-build-windows-amd64-cygwin\jdk8u51\3951\hotspot\src\share\vm\prims\jni.cpp, line 1598]
Event: 4.624 Thread 0x0000000002e7a000 Exception <a 'java/lang/NoSuchMethodError': <clinit>> (0x00000000f66bc048) thrown at [C:\re\workspace\8-2-build-windows-amd64-cygwin\jdk8u51\3951\hotspot\src\share\vm\prims\jni.cpp, line 1598]
Event: 4.629 Thread 0x0000000002e7a000 Exception <a 'java/lang/NoSuchMethodError': <clinit>> (0x00000000f67032d8) thrown at [C:\re\workspace\8-2-build-windows-amd64-cygwin\jdk8u51\3951\hotspot\src\share\vm\prims\jni.cpp, line 1598]
Event: 4.638 Thread 0x0000000002e7a000 Exception <a 'java/lang/NoSuchMethodError': <clinit>> (0x00000000f6794348) thrown at [C:\re\workspace\8-2-build-windows-amd64-cygwin\jdk8u51\3951\hotspot\src\share\vm\prims\jni.cpp, line 1598]
Event: 4.645 Thread 0x0000000002e7a000 Exception <a 'java/lang/NoSuchMethodError': <clinit>> (0x00000000f67d3120) thrown at [C:\re\workspace\8-2-build-windows-amd64-cygwin\jdk8u51\3951\hotspot\src\share\vm\prims\jni.cpp, line 1598]

Events (10 events):
Event: 4.600 loading class com/google/gwt/dev/jjs/ast/JBinaryOperator
Event: 4.600 loading class com/google/gwt/dev/jjs/ast/JBinaryOperator done
Event: 4.610 loading class com/google/gwt/dev/jjs/ast/JCastOperation
Event: 4.610 loading class com/google/gwt/dev/jjs/ast/JCastOperation done
Event: 4.617 loading class com/google/gwt/dev/jjs/ast/JPostfixOperation
Event: 4.617 loading class com/google/gwt/dev/jjs/ast/JPostfixOperation done
Event: 4.635 loading class com/google/gwt/dev/jjs/ast/JGwtCreate
Event: 4.635 loading class com/google/gwt/dev/jjs/ast/JGwtCreate done
Event: 4.639 loading class com/google/gwt/dev/jjs/ast/JConditional
Event: 4.639 loading class com/google/gwt/dev/jjs/ast/JConditional done


Dynamic libraries:
0x00007ff776c10000 - 0x00007ff776c47000 	C:\Program Files\Java\jdk1.8.0_51\jre\bin\java.exe
0x00007ffe55250000 - 0x00007ffe55411000 	C:\WINDOWS\SYSTEM32\ntdll.dll
0x00007ffe54e50000 - 0x00007ffe54efd000 	C:\WINDOWS\system32\KERNEL32.DLL
0x00007ffe52740000 - 0x00007ffe5291d000 	C:\WINDOWS\system32\KERNELBASE.dll
0x00007ffe529a0000 - 0x00007ffe52a46000 	C:\WINDOWS\system32\ADVAPI32.dll
0x00007ffe54bb0000 - 0x00007ffe54c4d000 	C:\WINDOWS\system32\msvcrt.dll
0x00007ffe54f00000 - 0x00007ffe54f5b000 	C:\WINDOWS\system32\sechost.dll
0x00007ffe55030000 - 0x00007ffe55156000 	C:\WINDOWS\system32\RPCRT4.dll
0x00007ffe54850000 - 0x00007ffe5499e000 	C:\WINDOWS\system32\USER32.dll
0x00007ffe54cc0000 - 0x00007ffe54e46000 	C:\WINDOWS\system32\GDI32.dll
0x00007ffe43af0000 - 0x00007ffe43d64000 	C:\WINDOWS\WinSxS\amd64_microsoft.windows.common-controls_6595b64144ccf1df_6.0.10240.16384_none_f41f7b285750ef43\COMCTL32.dll
0x00007ffe52c10000 - 0x00007ffe52c46000 	C:\WINDOWS\system32\IMM32.DLL
0x00007ffe546f0000 - 0x00007ffe5484c000 	C:\WINDOWS\system32\MSCTF.dll
0x0000000050ae0000 - 0x0000000050bb2000 	C:\Program Files\Java\jdk1.8.0_51\jre\bin\msvcr100.dll
0x0000000050250000 - 0x0000000050ad3000 	C:\Program Files\Java\jdk1.8.0_51\jre\bin\server\jvm.dll
0x00007ffe55240000 - 0x00007ffe55248000 	C:\WINDOWS\system32\PSAPI.DLL
0x00007ffe4b490000 - 0x00007ffe4b499000 	C:\WINDOWS\SYSTEM32\WSOCK32.dll
0x00007ffe502d0000 - 0x00007ffe502f3000 	C:\WINDOWS\SYSTEM32\WINMM.dll
0x00007ffe54c50000 - 0x00007ffe54cb9000 	C:\WINDOWS\system32\WS2_32.dll
0x00007ffe52a50000 - 0x00007ffe52a58000 	C:\WINDOWS\system32\NSI.dll
0x00007ffe46240000 - 0x00007ffe4624a000 	C:\WINDOWS\SYSTEM32\VERSION.dll
0x00007ffe502a0000 - 0x00007ffe502cc000 	C:\WINDOWS\SYSTEM32\WINMMBASE.dll
0x00007ffe51ef0000 - 0x00007ffe51f34000 	C:\WINDOWS\system32\cfgmgr32.dll
0x00007ffe50550000 - 0x00007ffe50577000 	C:\WINDOWS\SYSTEM32\DEVOBJ.dll
0x0000000050240000 - 0x000000005024f000 	C:\Program Files\Java\jdk1.8.0_51\jre\bin\verify.dll
0x0000000050210000 - 0x0000000050239000 	C:\Program Files\Java\jdk1.8.0_51\jre\bin\java.dll
0x00000000501f0000 - 0x0000000050206000 	C:\Program Files\Java\jdk1.8.0_51\jre\bin\zip.dll
0x00007ffe53150000 - 0x00007ffe54672000 	C:\WINDOWS\system32\SHELL32.dll
0x00007ffe51ff0000 - 0x00007ffe52618000 	C:\WINDOWS\system32\windows.storage.dll
0x00007ffe52c50000 - 0x00007ffe52ecc000 	C:\WINDOWS\system32\combase.dll
0x00007ffe54fd0000 - 0x00007ffe55021000 	C:\WINDOWS\system32\shlwapi.dll
0x00007ffe51c80000 - 0x00007ffe51c8f000 	C:\WINDOWS\system32\kernel.appcore.dll
0x00007ffe52680000 - 0x00007ffe52733000 	C:\WINDOWS\system32\shcore.dll
0x00007ffe51c90000 - 0x00007ffe51cda000 	C:\WINDOWS\system32\powrprof.dll
0x00007ffe51d00000 - 0x00007ffe51d13000 	C:\WINDOWS\system32\profapi.dll
0x00000000501d0000 - 0x00000000501ea000 	C:\Program Files\Java\jdk1.8.0_51\jre\bin\net.dll
0x00007ffe51590000 - 0x00007ffe515ed000 	C:\WINDOWS\system32\mswsock.dll
0x00007ffe51230000 - 0x00007ffe512d8000 	C:\WINDOWS\SYSTEM32\DNSAPI.dll
0x0000000051440000 - 0x0000000051466000 	C:\Program Files\Bonjour\mdnsNSP.dll
0x00007ffe4d010000 - 0x00007ffe4d048000 	C:\WINDOWS\SYSTEM32\Iphlpapi.DLL
0x00007ffe4dcb0000 - 0x00007ffe4dcbb000 	C:\WINDOWS\SYSTEM32\WINNSI.DLL
0x00007ffe45a60000 - 0x00007ffe45a6a000 	C:\Windows\System32\rasadhlp.dll
0x00007ffe4abd0000 - 0x00007ffe4ac38000 	C:\WINDOWS\System32\fwpuclnt.dll
0x00007ffe51bb0000 - 0x00007ffe51bd8000 	C:\WINDOWS\SYSTEM32\bcrypt.dll
0x00007ffe515f0000 - 0x00007ffe51607000 	C:\WINDOWS\SYSTEM32\CRYPTSP.dll
0x00007ffe51140000 - 0x00007ffe51173000 	C:\WINDOWS\system32\rsaenh.dll
0x00007ffe51510000 - 0x00007ffe5152f000 	C:\WINDOWS\SYSTEM32\USERENV.dll
0x00007ffe51aa0000 - 0x00007ffe51b0b000 	C:\WINDOWS\system32\bcryptprimitives.dll
0x00007ffe51720000 - 0x00007ffe5172b000 	C:\WINDOWS\SYSTEM32\CRYPTBASE.dll
0x00007ffe4b300000 - 0x00007ffe4b316000 	C:\WINDOWS\SYSTEM32\dhcpcsvc6.DLL
0x00007ffe4ce50000 - 0x00007ffe4ce6a000 	C:\WINDOWS\SYSTEM32\dhcpcsvc.DLL
0x00000000501b0000 - 0x00000000501c1000 	C:\Program Files\Java\jdk1.8.0_51\jre\bin\nio.dll
0x00007ffe4df40000 - 0x00007ffe4e0ca000 	C:\WINDOWS\SYSTEM32\dbghelp.dll

VM Arguments:
jvm_args: -Xmx512m 
java_command: com.google.gwt.dev.CompilePermsServer -host localhost -port 61555 -logLevel INFO -cookie BCA87FEFFC6AC2684F27CF89500043F7
java_class_path (initial): C:\Workspace\v2\xdstools2\target\xdstools2-2.202.0-SNAPSHOT\WEB-INF\classes;C:\Workspace\v2\xdstools2\src\main\java;C:\Workspace\v2\xdstools2\src\main\groovy;C:\Users\Diane Azais\.m2\repository\gov\nist\toolkit\transaction-notification-service\2.202.0-SNAPSHOT\transaction-notification-service-2.202.0-SNAPSHOT.jar;C:\Users\Diane Azais\.m2\repository\log4j\log4j\1.2.12\log4j-1.2.12.jar;C:\Users\Diane Azais\.m2\repository\org\glassfish\jersey\containers\jersey-container-servlet\2.22.1\jersey-container-servlet-2.22.1.jar;C:\Users\Diane Azais\.m2\repository\gov\nist\toolkit\services\2.202.0-SNAPSHOT\services-2.202.0-SNAPSHOT.jar;C:\Users\Diane Azais\.m2\repository\gov\nist\toolkit\toolkit-services\2.202.0-SNAPSHOT\toolkit-services-2.202.0-SNAPSHOT.jar;C:\Users\Diane Azais\.m2\repository\gov\nist\toolkit\toolkit-services-common\2.202.0-SNAPSHOT\toolkit-services-common-2.202.0-SNAPSHOT.jar;C:\Users\Diane Azais\.m2\repository\org\glassfish\jersey\media\jersey-media-json-jackson\2.22.1\jersey-media-json-jackson-2.22.1.jar;C:\Users\Diane Azais\.m2\repository\org\glassfish\jersey\ext\jersey-entity-filtering\2.22.1\jersey-entity-filtering-2.22.1.jar;C:\Users\Diane Azais\.m2\repository\com\fasterxml\jackson\jaxrs\jackson-jaxrs-base\2.5.4\jackson-jaxrs-base-2.5.4.jar;C:\Users\Diane Azais\.m2\repository\com\fasterxml\jackson\core\jackson-core\2.6.3\jackson-core-2.6.3.jar;C:\Users\Diane Azais\.m2\repository\com\fasterxml\jackson\core\jackson-databind\2.5.1\jackson-databind-2.5.1.jar;C:\Users\Diane Azais\.m2\repository\com\fasterxml\jackson\jaxrs\jackson-jaxrs-json-provider\2.5.4\jackson-jaxrs-json-provider-2.5.4.jar;C:\Users\Diane Azais\.m2\repository\com\fasterxml\jackson\module\jackson-module-jaxb-annotations\2.5.4\jackson-module-jaxb-annotations-2.5.4.jar;C:\Users\Diane Azais\.m2\repository\com\fasterxml\jackson\core\jackson-annotations\2.5.4\jackson-annotations-2.5.4.jar;C:\Users\Diane Azais\.m2\repository\gov\nist\toolkit\rest-tools\2.202.0-SNAPSHO
Launcher Type: SUN_STANDARD

Environment Variables:
JAVA_HOME=C:\Program Files\Java\jdk1.8.0_51
PATH=C:\ProgramData\Oracle\Java\javapath;C:\WINDOWS\system32;C:\WINDOWS;C:\WINDOWS\System32\Wbem;C:\WINDOWS\System32\WindowsPowerShell\v1.0\;C:\Program Files\Java\jdk1.8.0_51\bin;C:\apache-maven-3.1.1\bin;C:\Program Files\TortoiseHg\;C:\Program Files (x86)\Skype\Phone\
USERNAME=Diane Azais local
OS=Windows_NT
PROCESSOR_IDENTIFIER=Intel64 Family 6 Model 69 Stepping 1, GenuineIntel



---------------  S Y S T E M  ---------------

OS: Windows 10.0 , 64 bit Build 10240 (10.0.10240.16384)

CPU:total 4 (2 cores per cpu, 2 threads per core) family 6 model 69 stepping 1, cmov, cx8, fxsr, mmx, sse, sse2, sse3, ssse3, sse4.1, sse4.2, popcnt, avx, avx2, aes, clmul, erms, lzcnt, ht, tsc, tscinvbit, bmi1, bmi2

Memory: 4k page, physical 4112428k(57836k free), swap 8462336k(0k free)

vm_info: Java HotSpot(TM) 64-Bit Server VM (25.51-b03) for windows-amd64 JRE (1.8.0_51-b16), built on Jun  8 2015 18:03:07 by "java_re" with MS VC++ 10.0 (VS2010)

time: Thu Dec 10 20:06:53 2015
elapsed time: 5 seconds (0d 0h 0m 5s)

